<?xml version="1.0" encoding="UTF-8"?>
<!-- Generated by org.testng.reporters.JUnitReportReporter -->
<testsuite hostname="WBOX62" failures="0" tests="1" name="demo_getallheader" time="3.243" errors="0" timestamp="2023-04-17T18:53:52 IST" skipped="0">
  <testcase classname="demo_getallheader" name="getheaderdetail" time="3.243"/>
  <system-out/>
</testsuite> <!-- demo_getallheader -->
