<?xml version="1.0" encoding="UTF-8"?>
<!-- Generated by org.testng.reporters.JUnitReportReporter -->
<testsuite hostname="WBOX62" failures="0" tests="1" name="TC004_validateJsonResponse" time="3.827" errors="0" timestamp="2023-04-17T19:19:22 IST" skipped="0">
  <testcase classname="TC004_validateJsonResponse" name="validateJsonData" time="3.827"/>
  <system-out/>
</testsuite> <!-- TC004_validateJsonResponse -->
