<?xml version="1.0" encoding="UTF-8"?>
<!-- Generated by org.testng.reporters.JUnitReportReporter -->
<testsuite hostname="WBOX62" failures="0" tests="1" name="TC003_GET_Request" time="3.286" errors="0" timestamp="2023-04-17T18:28:06 IST" skipped="0">
  <testcase classname="TC003_GET_Request" name="getHeader" time="3.286"/>
  <system-out/>
</testsuite> <!-- TC003_GET_Request -->
