<?xml version="1.0" encoding="UTF-8"?>
<!-- Generated by org.testng.reporters.JUnitReportReporter -->
<testsuite hostname="WBOX62" failures="0" tests="1" name="TC001_get_request" time="3.694" errors="0" timestamp="2023-04-17T16:56:12 IST" skipped="0">
  <testcase classname="TC001_get_request" name="getWeatherDetails" time="3.694"/>
  <system-out/>
</testsuite> <!-- TC001_get_request -->
