<?xml version="1.0" encoding="UTF-8"?>
<!-- Generated by org.testng.reporters.JUnitReportReporter -->
<testsuite hostname="WBOX62" failures="0" tests="1" name="TC007_RequestAuthentication" time="3.653" errors="0" timestamp="2023-04-19T11:58:20 IST" skipped="0">
  <testcase classname="TC007_RequestAuthentication" name="AutherisationTest" time="3.653"/>
  <system-out/>
</testsuite> <!-- TC007_RequestAuthentication -->
